Device: cuda
GPU: NVIDIA GeForce RTX 4070 SUPER
VRAM: 11.6 GB

🔬 FULL EXPERIMENT — All tasks, both models

============================================================
MODEL PARAMETER COMPARISON
============================================================
  Augmented (PFC) model: 227,068 parameters
  Baseline (Fixed) model: 227,430 parameters
  Ratio: 1.00x
  Difference: 362 params
============================================================
  Estimated VRAM (model + optimizer):
    Augmented: ~2.6 MB
    Baseline:  ~2.6 MB
    Combined:  ~5.2 MB
============================================================

======================================================================
PHASE 1: TRAINING
======================================================================

  Interleaved training from scratch (shared optimizer)...
  [interleaved] total_eps≈990 | morr=0.17 | visu=0.13 | dyna=0.20 | visu=0.03 | above25=0 | score=0.53 | obj_ent=1.234 | 4.9 ep/s
  [interleaved] total_eps≈1973 | morr=0.23 | visu=0.43 | dyna=0.60 | visu=0.20 | above25=2 | score=5.47 | obj_ent=1.370 | 4.9 ep/s
  [interleaved] total_eps≈2956 | morr=0.37 | visu=0.23 | dyna=0.30 | visu=0.00 | above25=2 | score=4.90 | obj_ent=1.290 | 4.9 ep/s
  [interleaved] total_eps≈3939 | morr=0.23 | visu=0.50 | dyna=0.40 | visu=0.13 | above25=2 | score=5.27 | obj_ent=1.240 | 4.9 ep/s
  [interleaved] total_eps≈4922 | morr=0.33 | visu=0.40 | dyna=0.67 | visu=0.13 | above25=3 | score=7.53 | obj_ent=1.335 | 4.9 ep/s
  [interleaved] total_eps≈5905 | morr=0.37 | visu=0.63 | dyna=0.63 | visu=0.10 | above25=3 | score=7.73 | obj_ent=1.295 | 4.9 ep/s
  [interleaved] total_eps≈6888 | morr=0.23 | visu=0.60 | dyna=0.67 | visu=0.03 | above25=2 | score=5.53 | obj_ent=1.327 | 4.9 ep/s
  [interleaved] total_eps≈7871 | morr=0.33 | visu=0.47 | dyna=0.67 | visu=0.13 | above25=3 | score=7.60 | obj_ent=1.223 | 4.9 ep/s
  [interleaved] total_eps≈8854 | morr=0.20 | visu=0.60 | dyna=0.80 | visu=0.13 | above25=2 | score=5.73 | obj_ent=1.242 | 4.9 ep/s
  [interleaved] total_eps≈9837 | morr=0.20 | visu=0.57 | dyna=0.67 | visu=0.00 | above25=2 | score=5.43 | obj_ent=1.220 | 4.9 ep/s
  [interleaved] total_eps≈10820 | morr=0.43 | visu=0.63 | dyna=0.73 | visu=0.07 | above25=3 | score=7.87 | obj_ent=1.267 | 4.9 ep/s
  [interleaved] total_eps≈11803 | morr=0.20 | visu=0.70 | dyna=0.77 | visu=0.10 | above25=2 | score=5.77 | obj_ent=1.365 | 4.9 ep/s
  [interleaved] total_eps≈12786 | morr=0.20 | visu=0.67 | dyna=0.73 | visu=0.13 | above25=2 | score=5.73 | obj_ent=1.341 | 4.9 ep/s
  [interleaved] total_eps≈13769 | morr=0.30 | visu=0.80 | dyna=0.77 | visu=0.20 | above25=3 | score=8.07 | obj_ent=1.321 | 4.9 ep/s
  [interleaved] total_eps≈14752 | morr=0.17 | visu=0.53 | dyna=0.77 | visu=0.13 | above25=2 | score=5.60 | obj_ent=1.315 | 4.9 ep/s
  [interleaved] total_eps≈15735 | morr=0.30 | visu=0.60 | dyna=0.83 | visu=0.23 | above25=3 | score=7.97 | obj_ent=1.333 | 4.9 ep/s
  [interleaved] total_eps≈16719 | morr=0.13 | visu=0.63 | dyna=0.83 | visu=0.13 | above25=2 | score=5.73 | obj_ent=1.295 | 4.9 ep/s
  [interleaved] total_eps≈17702 | morr=0.20 | visu=0.73 | dyna=0.87 | visu=0.10 | above25=2 | score=5.90 | obj_ent=1.238 | 4.9 ep/s
  [interleaved] total_eps≈18685 | morr=0.27 | visu=0.77 | dyna=0.73 | visu=0.07 | above25=3 | score=7.83 | obj_ent=1.189 | 4.9 ep/s
  [interleaved] total_eps≈19668 | morr=0.37 | visu=0.67 | dyna=0.83 | visu=0.20 | above25=3 | score=8.07 | obj_ent=1.247 | 4.9 ep/s
  [restoring best model: sum=8.07]
  ✓ augmented on morris_water_maze: success_rate=0.290
  ✓ augmented on visual_foraging: success_rate=0.710
  ✓ augmented on dynamic_obstacles: success_rate=0.780
  ✓ augmented on visual_search: success_rate=0.160

  Interleaved baseline training (shared model)...
  [baseline-interleaved] total_eps≈990 | morr=0.20 | visu=0.23 | dyna=0.00 | visu=0.03 | above25=0 | score=0.47 | 7.4 ep/s
  [baseline-interleaved] total_eps≈1973 | morr=0.17 | visu=0.40 | dyna=0.50 | visu=0.03 | above25=2 | score=5.10 | 7.4 ep/s
  [baseline-interleaved] total_eps≈2956 | morr=0.17 | visu=0.63 | dyna=0.47 | visu=0.07 | above25=2 | score=5.33 | 7.5 ep/s
  [baseline-interleaved] total_eps≈3939 | morr=0.23 | visu=0.53 | dyna=0.30 | visu=0.07 | above25=2 | score=5.13 | 7.5 ep/s
  [baseline-interleaved] total_eps≈4922 | morr=0.17 | visu=0.37 | dyna=0.37 | visu=0.10 | above25=2 | score=5.00 | 7.5 ep/s
  [baseline-interleaved] total_eps≈5905 | morr=0.37 | visu=0.57 | dyna=0.43 | visu=0.00 | above25=3 | score=7.37 | 7.5 ep/s
  [baseline-interleaved] total_eps≈6888 | morr=0.13 | visu=0.53 | dyna=0.40 | visu=0.03 | above25=2 | score=5.10 | 7.5 ep/s
  [baseline-interleaved] total_eps≈7871 | morr=0.23 | visu=0.47 | dyna=0.57 | visu=0.17 | above25=2 | score=5.43 | 7.6 ep/s
  [baseline-interleaved] total_eps≈8854 | morr=0.23 | visu=0.43 | dyna=0.67 | visu=0.03 | above25=2 | score=5.37 | 7.6 ep/s
  [baseline-interleaved] total_eps≈9837 | morr=0.10 | visu=0.50 | dyna=0.60 | visu=0.00 | above25=2 | score=5.20 | 7.6 ep/s
  [baseline-interleaved] total_eps≈10820 | morr=0.13 | visu=0.60 | dyna=0.53 | visu=0.07 | above25=2 | score=5.33 | 7.6 ep/s
  [baseline-interleaved] total_eps≈11803 | morr=0.20 | visu=0.43 | dyna=0.83 | visu=0.03 | above25=2 | score=5.50 | 7.6 ep/s
  [baseline-interleaved] total_eps≈12786 | morr=0.17 | visu=0.57 | dyna=0.33 | visu=0.20 | above25=2 | score=5.27 | 7.6 ep/s
  [baseline-interleaved] total_eps≈13769 | morr=0.20 | visu=0.33 | dyna=0.80 | visu=0.03 | above25=2 | score=5.37 | 7.6 ep/s
  [baseline-interleaved] total_eps≈14752 | morr=0.27 | visu=0.57 | dyna=0.73 | visu=0.07 | above25=3 | score=7.63 | 7.6 ep/s
  [baseline-interleaved] total_eps≈15735 | morr=0.23 | visu=0.47 | dyna=0.87 | visu=0.07 | above25=2 | score=5.63 | 7.6 ep/s
  [baseline-interleaved] total_eps≈16719 | morr=0.17 | visu=0.67 | dyna=0.70 | visu=0.07 | above25=2 | score=5.60 | 7.6 ep/s
  [baseline-interleaved] total_eps≈17702 | morr=0.67 | visu=0.80 | dyna=0.57 | visu=0.10 | above25=3 | score=8.13 | 7.6 ep/s
  [baseline-interleaved] total_eps≈18685 | morr=0.67 | visu=0.70 | dyna=0.83 | visu=0.07 | above25=3 | score=8.27 | 7.6 ep/s
  [baseline-interleaved] total_eps≈19668 | morr=0.90 | visu=0.63 | dyna=0.77 | visu=0.10 | above25=3 | score=8.40 | 7.6 ep/s
  ✓ baseline on morris_water_maze: success_rate=0.940
  ✓ baseline on visual_foraging: success_rate=0.880
  ✓ baseline on dynamic_obstacles: success_rate=0.860
  ✓ baseline on visual_search: success_rate=0.100

======================================================================
PHASE 2: GENERATING PLOTS
======================================================================
  Saved plot: results_seed123/comparison_morris_water_maze.png
  Saved plot: results_seed123/comparison_visual_foraging.png
  Saved plot: results_seed123/comparison_dynamic_obstacles.png
  Saved plot: results_seed123/comparison_visual_search.png
  Saved plot: results_seed123/final_comparison.png

======================================================================
PHASE 3: EVALUATION
======================================================================

======================================================================
RUNNING FULL GENERALIZABILITY EVALUATION
======================================================================

[1/5] Multi-task performance...
[2/5] Zero-shot transfer...
[3/5] Few-shot adaptation...
[4/5] Catastrophic forgetting...
[5/5] Strategy diversity analysis...

======================================================================
EVALUATION SUMMARY
======================================================================

Multi-task average success rate:
  Augmented (PFC):  0.475
  Baseline (Fixed): 0.688
  Delta:            -0.212

Zero-shot transfer (avg across tasks):
  Augmented: 0.445
  Baseline:  0.697

Few-shot adaptation on 'morris_water_maze':
  Augmented: 20 episodes
  Baseline:  20 episodes

Strategy diversity (augmented model):
  morris_water_maze: entropy=1.469, dist={'EXPLORE': np.float64(0.3595938227205416), 'APPROACH': np.float64(0.2753543473661942), 'AVOID': np.float64(0.17203300190395598), 'EXPLOIT': np.float64(0.06926168817431774), 'MEMORIZE': np.float64(0.12375713983499048)}
  visual_foraging: entropy=1.416, dist={'EXPLORE': np.float64(0.44933719335669664), 'APPROACH': np.float64(0.20402255066280664), 'AVOID': np.float64(0.08829803443547159), 'EXPLOIT': np.float64(0.16692061557214688), 'MEMORIZE': np.float64(0.09142160597287825)}
  dynamic_obstacles: entropy=1.149, dist={'EXPLORE': np.float64(0.5425275910712803), 'APPROACH': np.float64(0.29856443448676456), 'AVOID': np.float64(0.05418637457472409), 'EXPLOIT': np.float64(0.07542942494398805), 'MEMORIZE': np.float64(0.029292174923242886)}
  visual_search: entropy=1.157, dist={'EXPLORE': np.float64(0.5389257245027192), 'APPROACH': np.float64(0.30302465916710125), 'AVOID': np.float64(0.058220964016985774), 'EXPLOIT': np.float64(0.06090292781047456), 'MEMORIZE': np.float64(0.038925724502719215)}
======================================================================
  Saved plot: results_seed123/strategy_distribution.png

  Saved evaluation report: results_seed123/evaluation_report.json

✓ Experiment complete. Results saved to: results_seed123
