Device: cuda
GPU: NVIDIA GeForce RTX 4070 SUPER
VRAM: 11.6 GB

🔬 FULL EXPERIMENT — All tasks, both models

============================================================
MODEL PARAMETER COMPARISON
============================================================
  Augmented (PFC) model: 227,068 parameters
  Baseline (Fixed) model: 227,430 parameters
  Ratio: 1.00x
  Difference: 362 params
============================================================
  Estimated VRAM (model + optimizer):
    Augmented: ~2.6 MB
    Baseline:  ~2.6 MB
    Combined:  ~5.2 MB
============================================================

======================================================================
PHASE 1: TRAINING
======================================================================

  Interleaved training from scratch (shared optimizer)...
  [interleaved] total_eps≈990 | morr=0.80 | visu=0.83 | dyna=0.50 | visu=0.37 | above25=4 | score=10.50 | obj_ent=1.266 | 9.2 ep/s
  [interleaved] total_eps≈1973 | morr=0.73 | visu=0.77 | dyna=0.50 | visu=0.30 | above25=4 | score=10.30 | obj_ent=1.332 | 9.0 ep/s
  [interleaved] total_eps≈2956 | morr=0.70 | visu=0.70 | dyna=0.43 | visu=0.13 | above25=3 | score=7.97 | obj_ent=1.199 | 9.0 ep/s
  [interleaved] total_eps≈3939 | morr=0.83 | visu=0.77 | dyna=0.37 | visu=0.23 | above25=3 | score=8.20 | obj_ent=1.355 | 9.0 ep/s
  [interleaved] total_eps≈4922 | morr=0.80 | visu=0.80 | dyna=0.43 | visu=0.63 | above25=4 | score=10.67 | obj_ent=1.332 | 9.0 ep/s
  [interleaved] total_eps≈5905 | morr=0.83 | visu=0.83 | dyna=0.67 | visu=0.53 | above25=4 | score=10.87 | obj_ent=1.219 | 9.1 ep/s
  [interleaved] total_eps≈6888 | morr=0.90 | visu=0.80 | dyna=0.57 | visu=0.50 | above25=4 | score=10.77 | obj_ent=1.197 | 9.1 ep/s
  [interleaved] total_eps≈7871 | morr=0.77 | visu=0.83 | dyna=0.67 | visu=0.27 | above25=4 | score=10.53 | obj_ent=1.304 | 9.1 ep/s
  [interleaved] total_eps≈8854 | morr=0.90 | visu=0.70 | dyna=0.70 | visu=0.43 | above25=4 | score=10.73 | obj_ent=1.188 | 9.1 ep/s
  [interleaved] total_eps≈9837 | morr=0.77 | visu=0.80 | dyna=0.73 | visu=0.47 | above25=4 | score=10.77 | obj_ent=1.084 | 9.2 ep/s
  [interleaved] total_eps≈10820 | morr=0.60 | visu=0.87 | dyna=0.67 | visu=0.53 | above25=4 | score=10.67 | obj_ent=1.191 | 9.2 ep/s
  [interleaved] total_eps≈11803 | morr=0.83 | visu=0.83 | dyna=0.67 | visu=0.57 | above25=4 | score=10.90 | obj_ent=1.351 | 9.2 ep/s
  [interleaved] total_eps≈12786 | morr=0.77 | visu=0.77 | dyna=0.57 | visu=0.40 | above25=4 | score=10.50 | obj_ent=1.232 | 9.2 ep/s
  [interleaved] total_eps≈13769 | morr=0.93 | visu=0.87 | dyna=0.77 | visu=0.33 | above25=4 | score=10.90 | obj_ent=1.149 | 9.2 ep/s
  [interleaved] total_eps≈14752 | morr=0.83 | visu=0.80 | dyna=0.60 | visu=0.23 | above25=3 | score=8.47 | obj_ent=1.229 | 9.2 ep/s
  [interleaved] total_eps≈15735 | morr=0.90 | visu=0.90 | dyna=0.73 | visu=0.47 | above25=4 | score=11.00 | obj_ent=1.302 | 9.2 ep/s
  [interleaved] total_eps≈16719 | morr=0.63 | visu=0.83 | dyna=0.67 | visu=0.40 | above25=4 | score=10.53 | obj_ent=1.307 | 9.2 ep/s
  [interleaved] total_eps≈17702 | morr=0.63 | visu=0.87 | dyna=0.63 | visu=0.40 | above25=4 | score=10.53 | obj_ent=1.308 | 9.2 ep/s
  [interleaved] total_eps≈18685 | morr=0.73 | visu=0.73 | dyna=0.70 | visu=0.43 | above25=4 | score=10.60 | obj_ent=1.182 | 9.2 ep/s
  [interleaved] total_eps≈19668 | morr=0.87 | visu=0.90 | dyna=0.73 | visu=0.33 | above25=4 | score=10.83 | obj_ent=1.213 | 9.2 ep/s
  [interleaved] total_eps≈20651 | morr=0.93 | visu=0.83 | dyna=0.77 | visu=0.47 | above25=4 | score=11.00 | obj_ent=1.120 | 9.2 ep/s
  [interleaved] total_eps≈21634 | morr=0.97 | visu=0.90 | dyna=0.83 | visu=0.40 | above25=4 | score=11.10 | obj_ent=1.154 | 9.2 ep/s
  [interleaved] total_eps≈22617 | morr=1.00 | visu=0.80 | dyna=0.73 | visu=0.27 | above25=4 | score=10.80 | obj_ent=1.108 | 9.2 ep/s
  [interleaved] total_eps≈23600 | morr=1.00 | visu=0.87 | dyna=0.70 | visu=0.27 | above25=4 | score=10.83 | obj_ent=1.049 | 9.2 ep/s
  [interleaved] total_eps≈24583 | morr=1.00 | visu=0.87 | dyna=0.97 | visu=0.27 | above25=4 | score=11.10 | obj_ent=1.087 | 9.2 ep/s
  [interleaved] total_eps≈25566 | morr=1.00 | visu=0.97 | dyna=0.80 | visu=0.37 | above25=4 | score=11.13 | obj_ent=1.058 | 9.2 ep/s
  [interleaved] total_eps≈26549 | morr=1.00 | visu=0.97 | dyna=0.73 | visu=0.23 | above25=3 | score=8.93 | obj_ent=1.060 | 9.2 ep/s
  [interleaved] total_eps≈27532 | morr=1.00 | visu=0.83 | dyna=0.73 | visu=0.37 | above25=4 | score=10.93 | obj_ent=0.869 | 9.2 ep/s
  [interleaved] total_eps≈28515 | morr=1.00 | visu=0.83 | dyna=0.80 | visu=0.30 | above25=4 | score=10.93 | obj_ent=0.970 | 9.2 ep/s
  [interleaved] total_eps≈29498 | morr=1.00 | visu=0.87 | dyna=0.83 | visu=0.33 | above25=4 | score=11.03 | obj_ent=1.054 | 9.2 ep/s
  [interleaved] total_eps≈30481 | morr=1.00 | visu=0.87 | dyna=0.63 | visu=0.20 | above25=3 | score=8.70 | obj_ent=0.932 | 9.2 ep/s
  [interleaved] total_eps≈31464 | morr=1.00 | visu=0.83 | dyna=0.73 | visu=0.40 | above25=4 | score=10.97 | obj_ent=0.948 | 9.2 ep/s
  [interleaved] total_eps≈32447 | morr=1.00 | visu=0.93 | dyna=0.70 | visu=0.27 | above25=4 | score=10.90 | obj_ent=0.996 | 9.2 ep/s
  [interleaved] total_eps≈33430 | morr=1.00 | visu=0.87 | dyna=0.90 | visu=0.40 | above25=4 | score=11.17 | obj_ent=1.102 | 9.2 ep/s
  [interleaved] total_eps≈34413 | morr=1.00 | visu=0.90 | dyna=0.77 | visu=0.47 | above25=4 | score=11.13 | obj_ent=0.979 | 9.3 ep/s
  [interleaved] total_eps≈35396 | morr=1.00 | visu=0.97 | dyna=0.93 | visu=0.50 | above25=4 | score=11.40 | obj_ent=1.057 | 9.3 ep/s
  [interleaved] total_eps≈36379 | morr=1.00 | visu=0.97 | dyna=0.87 | visu=0.43 | above25=4 | score=11.27 | obj_ent=1.045 | 9.3 ep/s
  [interleaved] total_eps≈37362 | morr=1.00 | visu=0.93 | dyna=0.73 | visu=0.37 | above25=4 | score=11.03 | obj_ent=0.997 | 9.3 ep/s
  [interleaved] total_eps≈38345 | morr=1.00 | visu=0.93 | dyna=0.87 | visu=0.37 | above25=4 | score=11.17 | obj_ent=1.031 | 9.3 ep/s
  [interleaved] total_eps≈39328 | morr=1.00 | visu=1.00 | dyna=0.87 | visu=0.40 | above25=4 | score=11.27 | obj_ent=1.100 | 9.3 ep/s
  [restoring best model: sum=11.40]
  ✓ augmented on morris_water_maze: success_rate=1.000
  ✓ augmented on visual_foraging: success_rate=0.950
  ✓ augmented on dynamic_obstacles: success_rate=0.840
  ✓ augmented on visual_search: success_rate=0.370

──────────────────────────────────────────────────
Training baseline on morris_water_maze
Target: ~5000 episodes (732 rollouts)
──────────────────────────────────────────────────
  [baseline] ep≈246 | eval_success=0.200 | avg_len=241.9 | policy_loss=-0.0050 | 14.9 ep/s
  [baseline] ep≈492 | eval_success=0.200 | avg_len=242.1 | policy_loss=-0.0098 | 14.8 ep/s
  [baseline] ep≈737 | eval_success=0.200 | avg_len=242.1 | policy_loss=-0.0107 | 14.8 ep/s
  [baseline] ep≈983 | eval_success=1.000 | avg_len=7.5 | policy_loss=-0.0006 | 15.1 ep/s
  [baseline] ep≈1229 | eval_success=0.950 | avg_len=21.8 | policy_loss=0.0027 | 15.3 ep/s
  [baseline] ep≈1475 | eval_success=0.900 | avg_len=37.7 | policy_loss=-0.0190 | 15.4 ep/s
  [baseline] ep≈1720 | eval_success=0.900 | avg_len=37.3 | policy_loss=-0.0143 | 15.4 ep/s
  [baseline] ep≈1966 | eval_success=0.800 | avg_len=66.2 | policy_loss=-0.0048 | 15.5 ep/s
  [early stopping: best=1.000, current=0.800, restoring best weights]

  ✓ baseline on morris_water_maze: success_rate=0.870 (129.2s)

──────────────────────────────────────────────────
Training baseline on visual_foraging
Target: ~5000 episodes (732 rollouts)
──────────────────────────────────────────────────
  [baseline] ep≈246 | eval_success=0.250 | avg_len=210.1 | policy_loss=-0.0101 | 11.3 ep/s
  [baseline] ep≈492 | eval_success=0.450 | avg_len=143.6 | policy_loss=-0.0106 | 11.5 ep/s
  [baseline] ep≈737 | eval_success=0.500 | avg_len=173.7 | policy_loss=-0.0075 | 11.5 ep/s
  [baseline] ep≈983 | eval_success=0.500 | avg_len=145.9 | policy_loss=-0.0110 | 11.6 ep/s
  [baseline] ep≈1229 | eval_success=0.500 | avg_len=146.5 | policy_loss=-0.0109 | 11.6 ep/s
  [baseline] ep≈1475 | eval_success=0.550 | avg_len=135.6 | policy_loss=-0.0059 | 11.6 ep/s
  [baseline] ep≈1720 | eval_success=0.450 | avg_len=140.1 | policy_loss=-0.0092 | 11.6 ep/s
  [baseline] ep≈1966 | eval_success=0.550 | avg_len=139.5 | policy_loss=-0.0093 | 11.6 ep/s
  [baseline] ep≈2212 | eval_success=0.450 | avg_len=137.9 | policy_loss=-0.0119 | 11.6 ep/s
  [baseline] ep≈2458 | eval_success=0.700 | avg_len=61.9 | policy_loss=-0.0056 | 11.7 ep/s
  [baseline] ep≈2703 | eval_success=0.600 | avg_len=127.5 | policy_loss=-0.0157 | 11.7 ep/s
  [baseline] ep≈2949 | eval_success=0.650 | avg_len=92.7 | policy_loss=-0.0111 | 11.7 ep/s
  [baseline] ep≈3195 | eval_success=0.700 | avg_len=107.8 | policy_loss=-0.0153 | 11.7 ep/s
  [baseline] ep≈3441 | eval_success=0.700 | avg_len=93.5 | policy_loss=-0.0104 | 11.8 ep/s
  [early stopping: best=0.700, current=0.700, restoring best weights]

  ✓ baseline on visual_foraging: success_rate=0.640 (297.5s)

──────────────────────────────────────────────────
Training baseline on dynamic_obstacles
Target: ~5000 episodes (732 rollouts)
──────────────────────────────────────────────────
  [baseline] ep≈246 | eval_success=0.650 | avg_len=175.4 | policy_loss=-0.0122 | 17.1 ep/s
  [baseline] ep≈492 | eval_success=0.950 | avg_len=103.5 | policy_loss=-0.0125 | 17.4 ep/s
  [baseline] ep≈737 | eval_success=1.000 | avg_len=109.8 | policy_loss=-0.0154 | 17.4 ep/s
  [baseline] ep≈983 | eval_success=0.850 | avg_len=97.5 | policy_loss=-0.0135 | 17.5 ep/s
  [baseline] ep≈1229 | eval_success=0.600 | avg_len=171.8 | policy_loss=-0.0108 | 17.4 ep/s
  [baseline] ep≈1475 | eval_success=0.700 | avg_len=107.2 | policy_loss=-0.0145 | 17.4 ep/s
  [baseline] ep≈1720 | eval_success=0.850 | avg_len=71.5 | policy_loss=-0.0089 | 17.5 ep/s
  [early stopping: best=1.000, current=0.850, restoring best weights]

  ✓ baseline on dynamic_obstacles: success_rate=0.830 (103.0s)

──────────────────────────────────────────────────
Training baseline on visual_search
Target: ~5000 episodes (732 rollouts)
──────────────────────────────────────────────────
  [baseline] ep≈246 | eval_success=0.050 | avg_len=285.6 | policy_loss=0.0062 | 15.2 ep/s
  [baseline] ep≈492 | eval_success=0.050 | avg_len=285.4 | policy_loss=0.0059 | 15.1 ep/s
  [baseline] ep≈737 | eval_success=0.200 | avg_len=241.8 | policy_loss=0.0052 | 15.3 ep/s
  [baseline] ep≈983 | eval_success=0.050 | avg_len=285.3 | policy_loss=-0.0005 | 15.2 ep/s
  [baseline] ep≈1229 | eval_success=0.050 | avg_len=285.6 | policy_loss=-0.0006 | 15.1 ep/s
  [baseline] ep≈1475 | eval_success=0.000 | avg_len=300.0 | policy_loss=0.0002 | 15.1 ep/s
  [baseline] ep≈1720 | eval_success=0.050 | avg_len=285.3 | policy_loss=0.0022 | 15.1 ep/s
  [baseline] ep≈1966 | eval_success=0.050 | avg_len=285.4 | policy_loss=-0.0043 | 15.1 ep/s
  [baseline] ep≈2212 | eval_success=0.200 | avg_len=241.9 | policy_loss=0.0001 | 15.2 ep/s
  [baseline] ep≈2458 | eval_success=0.100 | avg_len=271.1 | policy_loss=0.0047 | 15.2 ep/s
  [baseline] ep≈2703 | eval_success=0.000 | avg_len=300.0 | policy_loss=0.0009 | 15.1 ep/s
  [baseline] ep≈2949 | eval_success=0.050 | avg_len=285.7 | policy_loss=0.0015 | 15.1 ep/s
  [baseline] ep≈3195 | eval_success=0.150 | avg_len=256.3 | policy_loss=-0.0006 | 15.2 ep/s
  [baseline] ep≈3441 | eval_success=0.050 | avg_len=285.4 | policy_loss=0.0017 | 15.1 ep/s
  [baseline] ep≈3686 | eval_success=0.050 | avg_len=285.4 | policy_loss=0.0045 | 15.1 ep/s
  [baseline] ep≈3932 | eval_success=0.050 | avg_len=285.2 | policy_loss=-0.0013 | 15.1 ep/s
  [baseline] ep≈4178 | eval_success=0.000 | avg_len=300.0 | policy_loss=-0.0013 | 15.1 ep/s
  [baseline] ep≈4424 | eval_success=0.000 | avg_len=300.0 | policy_loss=0.0064 | 15.1 ep/s
  [baseline] ep≈4669 | eval_success=0.000 | avg_len=300.0 | policy_loss=-0.0083 | 15.1 ep/s
  [baseline] ep≈4915 | eval_success=0.100 | avg_len=270.6 | policy_loss=-0.0063 | 15.1 ep/s

  ✓ baseline on visual_search: success_rate=0.080 (341.4s)

======================================================================
PHASE 2: GENERATING PLOTS
======================================================================
  Saved plot: results/comparison_morris_water_maze.png
  Saved plot: results/comparison_visual_foraging.png
  Saved plot: results/comparison_dynamic_obstacles.png
  Saved plot: results/comparison_visual_search.png
  Saved plot: results/final_comparison.png

======================================================================
PHASE 3: EVALUATION
======================================================================

======================================================================
RUNNING FULL GENERALIZABILITY EVALUATION
======================================================================

[1/5] Multi-task performance...
[2/5] Zero-shot transfer...
[3/5] Few-shot adaptation...
[4/5] Catastrophic forgetting...
[5/5] Strategy diversity analysis...

======================================================================
EVALUATION SUMMARY
======================================================================

Multi-task average success rate:
  Augmented (PFC):  0.795
  Baseline (Fixed): 0.615
  Delta:            +0.180

Zero-shot transfer (avg across tasks):
  Augmented: 0.787
  Baseline:  0.601

Few-shot adaptation on 'morris_water_maze':
  Augmented: 20 episodes
  Baseline:  20 episodes

Strategy diversity (augmented model):
  morris_water_maze: entropy=1.429, dist={'EXPLORE': np.float64(0.29109947643979056), 'APPROACH': np.float64(0.3863874345549738), 'AVOID': np.float64(0.06387434554973823), 'EXPLOIT': np.float64(0.14764397905759163), 'MEMORIZE': np.float64(0.11099476439790576)}
  visual_foraging: entropy=1.418, dist={'EXPLORE': np.float64(0.4639175257731959), 'APPROACH': np.float64(0.18170103092783504), 'AVOID': np.float64(0.09192439862542956), 'EXPLOIT': np.float64(0.13530927835051546), 'MEMORIZE': np.float64(0.12714776632302405)}
  dynamic_obstacles: entropy=1.432, dist={'EXPLORE': np.float64(0.4123401053423627), 'APPROACH': np.float64(0.2658640581891146), 'AVOID': np.float64(0.09004263857536995), 'EXPLOIT': np.float64(0.1018309505894156), 'MEMORIZE': np.float64(0.12992224730373714)}
  visual_search: entropy=1.469, dist={'EXPLORE': np.float64(0.37221344088951874), 'APPROACH': np.float64(0.2755763885103832), 'AVOID': np.float64(0.10023437074181064), 'EXPLOIT': np.float64(0.09690957649752004), 'MEMORIZE': np.float64(0.15506622336076742)}
======================================================================
  Saved plot: results/strategy_distribution.png

  Saved evaluation report: results/evaluation_report.json

✓ Experiment complete. Results saved to: results
